[SANDBOX LOG Tue Jul 14 05:40:14 2026] Sandbox started
[SANDBOX LOG Tue Jul 14 05:40:14 2026] Time monitor thread started
[SANDBOX LOG Tue Jul 14 05:40:14 2026] CPU monitor thread started
[SANDBOX LOG Tue Jul 14 05:40:15 2026] CPU ticks used: 0
[SANDBOX LOG Tue Jul 14 05:40:15 2026] Child running for 1 seconds
[SANDBOX LOG Tue Jul 14 05:40:16 2026] CPU ticks used: 0
[SANDBOX LOG Tue Jul 14 05:40:16 2026] Child running for 2 seconds
[SANDBOX LOG Tue Jul 14 05:40:17 2026] CPU ticks used: 0
[SANDBOX LOG Tue Jul 14 05:40:17 2026] Child running for 3 seconds
[SANDBOX LOG Tue Jul 14 05:40:18 2026] Child running for 4 seconds
[SANDBOX LOG Tue Jul 14 05:40:18 2026] CPU ticks used: 0
[SANDBOX LOG Tue Jul 14 05:40:19 2026] Child running for 5 seconds
[SANDBOX LOG Tue Jul 14 05:40:19 2026] TIME LIMIT EXCEEDED - Killing child process!
[SANDBOX LOG Tue Jul 14 05:40:19 2026] RESULT: Child was forcefully terminated by sandbox
[SANDBOX LOG Tue Jul 14 05:40:19 2026] Sandbox finished
[SANDBOX LOG Tue Jul 14 05:41:45 2026] Sandbox started
[SANDBOX LOG Tue Jul 14 05:41:45 2026] Memory limit set for child
[SANDBOX LOG Tue Jul 14 05:41:45 2026] CPU monitor thread started
[SANDBOX LOG Tue Jul 14 05:41:45 2026] Memory monitor thread started
[SANDBOX LOG Tue Jul 14 05:41:45 2026] Memory usage: 4 KB
[SANDBOX LOG Tue Jul 14 05:41:45 2026] Time monitor thread started
[SANDBOX LOG Tue Jul 14 05:41:46 2026] CPU ticks: 0
[SANDBOX LOG Tue Jul 14 05:41:46 2026] Memory usage: 1524 KB
[SANDBOX LOG Tue Jul 14 05:41:46 2026] Child running for 1 seconds
[SANDBOX LOG Tue Jul 14 05:41:47 2026] CPU ticks: 0
[SANDBOX LOG Tue Jul 14 05:41:47 2026] Memory usage: 1524 KB
[SANDBOX LOG Tue Jul 14 05:41:47 2026] Child running for 2 seconds
[SANDBOX LOG Tue Jul 14 05:41:48 2026] Memory usage: 1524 KB
[SANDBOX LOG Tue Jul 14 05:41:48 2026] CPU ticks: 0
[SANDBOX LOG Tue Jul 14 05:41:48 2026] Child running for 3 seconds
[SANDBOX LOG Tue Jul 14 05:41:49 2026] Child running for 4 seconds
[SANDBOX LOG Tue Jul 14 05:41:49 2026] Memory usage: 1524 KB
[SANDBOX LOG Tue Jul 14 05:41:49 2026] CPU ticks: 0
[SANDBOX LOG Tue Jul 14 05:41:51 2026] Child running for 5 seconds
[SANDBOX LOG Tue Jul 14 05:41:51 2026] TIME LIMIT EXCEEDED - Killing child process!
[SANDBOX LOG Tue Jul 14 05:41:51 2026] CPU ticks: 0
[SANDBOX LOG Tue Jul 14 05:41:51 2026] RESULT: Child was forcefully terminated by sandbox
[SANDBOX LOG Tue Jul 14 05:41:52 2026] Sandbox finished
[SANDBOX LOG Tue Jul 14 05:42:34 2026] Sandbox started
[SANDBOX LOG Tue Jul 14 05:42:34 2026] Memory limit set for child
[SANDBOX LOG Tue Jul 14 05:42:34 2026] CPU monitor thread started
[SANDBOX LOG Tue Jul 14 05:42:34 2026] Time monitor thread started
[SANDBOX LOG Tue Jul 14 05:42:34 2026] Memory monitor thread started
[SANDBOX LOG Tue Jul 14 05:42:34 2026] Memory usage: 4 KB
[SANDBOX LOG Tue Jul 14 05:42:35 2026] Memory usage: 1456 KB
[SANDBOX LOG Tue Jul 14 05:42:35 2026] Child running for 1 seconds
[SANDBOX LOG Tue Jul 14 05:42:35 2026] CPU ticks: 99
[SANDBOX LOG Tue Jul 14 05:42:36 2026] Memory usage: 1456 KB
[SANDBOX LOG Tue Jul 14 05:42:36 2026] Child running for 2 seconds
[SANDBOX LOG Tue Jul 14 05:42:36 2026] CPU ticks: 100
[SANDBOX LOG Tue Jul 14 05:42:37 2026] Memory usage: 1456 KB
[SANDBOX LOG Tue Jul 14 05:42:37 2026] Child running for 3 seconds
[SANDBOX LOG Tue Jul 14 05:42:37 2026] CPU ticks: 102
[SANDBOX LOG Tue Jul 14 05:42:38 2026] Memory usage: 1456 KB
[SANDBOX LOG Tue Jul 14 05:42:38 2026] CPU ticks: 100
[SANDBOX LOG Tue Jul 14 05:42:38 2026] Child running for 4 seconds
[SANDBOX LOG Tue Jul 14 05:42:39 2026] Memory usage: 1456 KB
[SANDBOX LOG Tue Jul 14 05:42:39 2026] Child running for 5 seconds
[SANDBOX LOG Tue Jul 14 05:42:39 2026] TIME LIMIT EXCEEDED - Killing child process!
[SANDBOX LOG Tue Jul 14 05:42:39 2026] RESULT: Child was forcefully terminated by sandbox
[SANDBOX LOG Tue Jul 14 05:42:40 2026] Sandbox finished
